2019/03/05 08:21:49 [I] [proxy_manager.go:300] proxy removed: []
2019/03/05 08:21:49 [I] [proxy_manager.go:310] proxy added: [Ryzen p2p_tcp]
2019/03/05 08:21:49 [I] [proxy_manager.go:333] visitor removed: []
2019/03/05 08:21:49 [I] [proxy_manager.go:342] visitor added: []
2019/03/05 08:21:51 [W] [control.go:113] login to server failed: dial tcp: lookup jzs88.cn: no such host
2019/03/05 08:22:00 [I] [proxy_manager.go:300] proxy removed: []
2019/03/05 08:22:00 [I] [proxy_manager.go:310] proxy added: [Ryzen p2p_tcp]
2019/03/05 08:22:00 [I] [proxy_manager.go:333] visitor removed: []
2019/03/05 08:22:00 [I] [proxy_manager.go:342] visitor added: []
2019/03/05 08:22:02 [W] [control.go:113] login to server failed: dial tcp: lookup jzs88.cn: no such host
2019/03/05 08:22:48 [I] [proxy_manager.go:300] proxy removed: []
2019/03/05 08:22:48 [I] [proxy_manager.go:310] proxy added: [Ryzen p2p_tcp]
2019/03/05 08:22:48 [I] [proxy_manager.go:333] visitor removed: []
2019/03/05 08:22:48 [I] [proxy_manager.go:342] visitor added: []
2019/03/05 08:22:58 [W] [control.go:113] login to server failed: dial tcp: lookup jzs88.cn: no such host
2019/03/06 22:39:04 [I] [proxy_manager.go:300] proxy removed: []
2019/03/06 22:39:04 [I] [proxy_manager.go:310] proxy added: [Ryzen p2p_tcp]
2019/03/06 22:39:04 [I] [proxy_manager.go:333] visitor removed: []
2019/03/06 22:39:04 [I] [proxy_manager.go:342] visitor added: []
2019/03/06 22:39:07 [I] [control.go:246] [10e61c4db0cb96c7] login to server success, get run id [10e61c4db0cb96c7], server udp port [7901]
2019/03/06 22:39:07 [I] [control.go:169] [10e61c4db0cb96c7] [Ryzen] start proxy success
2019/03/06 22:39:07 [I] [control.go:169] [10e61c4db0cb96c7] [p2p_tcp] start proxy success
2019/07/03 08:10:53 [I] [proxy_manager.go:300] proxy removed: []
2019/07/03 08:10:53 [I] [proxy_manager.go:310] proxy added: [Ryzen p2p_tcp]
2019/07/03 08:10:53 [I] [proxy_manager.go:333] visitor removed: []
2019/07/03 08:10:53 [I] [proxy_manager.go:342] visitor added: []
2019/07/03 08:10:54 [I] [control.go:246] [dfab84b9d1e3850a] login to server success, get run id [dfab84b9d1e3850a], server udp port [7901]
2019/07/03 08:10:54 [I] [control.go:169] [dfab84b9d1e3850a] [Ryzen] start proxy success
2019/07/03 08:10:54 [I] [control.go:169] [dfab84b9d1e3850a] [p2p_tcp] start proxy success
2019/09/23 23:56:45 [I] [proxy_manager.go:300] proxy removed: []
2019/09/23 23:56:45 [I] [proxy_manager.go:310] proxy added: [Ryzen p2p_tcp]
2019/09/23 23:56:45 [I] [proxy_manager.go:333] visitor removed: []
2019/09/23 23:56:45 [I] [proxy_manager.go:342] visitor added: []
2019/09/23 23:56:46 [I] [control.go:246] [1395c96b31a0bfc9] login to server success, get run id [1395c96b31a0bfc9], server udp port [6354]
2019/09/23 23:56:47 [I] [control.go:169] [1395c96b31a0bfc9] [Ryzen] start proxy success
2019/09/23 23:56:47 [I] [control.go:169] [1395c96b31a0bfc9] [p2p_tcp] start proxy success
2019/09/26 22:22:53 [I] [proxy_manager.go:300] proxy removed: []
2019/09/26 22:22:53 [I] [proxy_manager.go:310] proxy added: [Ryzen p2p_tcp]
2019/09/26 22:22:53 [I] [proxy_manager.go:333] visitor removed: []
2019/09/26 22:22:53 [I] [proxy_manager.go:342] visitor added: []
2019/09/26 22:22:54 [I] [control.go:246] [3938f05d16d69ca4] login to server success, get run id [3938f05d16d69ca4], server udp port [6354]
2019/09/26 22:22:54 [I] [control.go:169] [3938f05d16d69ca4] [Ryzen] start proxy success
2019/09/26 22:22:54 [I] [control.go:169] [3938f05d16d69ca4] [p2p_tcp] start proxy success
2019/09/28 22:36:09 [I] [proxy_manager.go:300] proxy removed: []
2019/09/28 22:36:09 [I] [proxy_manager.go:310] proxy added: [Ryzen p2p_tcp]
2019/09/28 22:36:09 [I] [proxy_manager.go:333] visitor removed: []
2019/09/28 22:36:09 [I] [proxy_manager.go:342] visitor added: []
2019/09/28 22:36:11 [I] [control.go:246] [4d8edcbf5b01c373] login to server success, get run id [4d8edcbf5b01c373], server udp port [6354]
2019/09/28 22:36:11 [I] [control.go:169] [4d8edcbf5b01c373] [Ryzen] start proxy success
2019/09/28 22:36:11 [I] [control.go:169] [4d8edcbf5b01c373] [p2p_tcp] start proxy success
